#-----------------------------------------------------------
# Vivado v2018.2 (64-bit)
# SW Build 2258646 on Thu Jun 14 20:03:12 MDT 2018
# IP Build 2256618 on Thu Jun 14 22:10:49 MDT 2018
# Start of session at: Sun Oct 10 13:43:58 2021
# Process ID: 12996
# Current directory: C:/Users/hamza/Desktop/Chrono/project_1
# Command line: vivado.exe -gui_launcher_event rodinguilauncherevent3948 C:\Users\hamza\Desktop\Chrono\project_1\project_1.xpr
# Log file: C:/Users/hamza/Desktop/Chrono/project_1/vivado.log
# Journal file: C:/Users/hamza/Desktop/Chrono/project_1\vivado.jou
#-----------------------------------------------------------
start_gui
open_project C:/Users/hamza/Desktop/Chrono/project_1/project_1.xpr
Scanning sources...
Finished scanning sources
INFO: [IP_Flow 19-234] Refreshing IP repositories
INFO: [IP_Flow 19-1704] No user IP repositories specified
INFO: [IP_Flow 19-2313] Loaded Vivado IP repository 'C:/Xilinx/Vivado/2018.2/data/ip'.
open_project: Time (s): cpu = 00:00:34 ; elapsed = 00:00:21 . Memory (MB): peak = 879.219 ; gain = 131.297
update_compile_order -fileset sources_1eexit
INFO: [Common 17-206] Exiting Vivado at Sun Oct 10 13:45:10 2021...
